# JRE version: OpenJDK Runtime Environment Temurin-17.0.11+9 (17.0.11+9) (build 17.0.11+9)
# Java VM: OpenJDK 64-Bit Server VM Temurin-17.0.11+9 (17.0.11+9, mixed mode, tiered, compressed oops, compressed class ptrs, parallel gc, windows-amd64)
GC Precious Log:
 CPUs: 8 total, 8 available
 Memory: 7959M
 Large Page Support: Disabled
 NUMA Support: Disabled
 Compressed Oops: Enabled (32-bit)
 Alignments: Space 512K, Generation 512K, Heap 2M
 Heap Min Capacity: 100M
 Heap Initial Capacity: 100M
 Heap Max Capacity: 1G
 Pre-touch: Disabled
 Parallel Workers: 8
Heap:
 PSYoungGen      total 24064K, used 3355K [0x00000000eab00000, 0x00000000ec580000, 0x0000000100000000)
  eden space 22016K, 6% used [0x00000000eab00000,0x00000000eac4e268,0x00000000ec080000)
  from space 2048K, 98% used [0x00000000ec380000,0x00000000ec578b48,0x00000000ec580000)
  to   space 3072K, 0% used [0x00000000ec080000,0x00000000ec080000,0x00000000ec380000)
 ParOldGen       total 68608K, used 37104K [0x00000000c0000000, 0x00000000c4300000, 0x00000000eab00000)
  object space 68608K, 54% used [0x00000000c0000000,0x00000000c243c0b8,0x00000000c4300000)
 Metaspace       used 50534K, committed 51456K, reserved 1114112K
  class space    used 5067K, committed 5440K, reserved 1048576K
GC Heap History (20 events):
Event: 7.157 GC heap before
{Heap before GC invocations=18 (full 2):
 PSYoungGen      total 24064K, used 24064K [0x00000000eab00000, 0x00000000ec980000, 0x0000000100000000)
  eden space 22016K, 100% used [0x00000000eab00000,0x00000000ec080000,0x00000000ec080000)
  from space 2048K, 100% used [0x00000000ec100000,0x00000000ec300000,0x00000000ec300000)
  to   space 4608K, 0% used [0x00000000ec500000,0x00000000ec500000,0x00000000ec980000)
 ParOldGen       total 68608K, used 20477K [0x00000000c0000000, 0x00000000c4300000, 0x00000000eab00000)
  object space 68608K, 29% used [0x00000000c0000000,0x00000000c13ff6c0,0x00000000c4300000)
 Metaspace       used 40959K, committed 41664K, reserved 1114112K
  class space    used 4237K, committed 4544K, reserved 1048576K
}
Event: 7.162 GC heap after
{Heap after GC invocations=18 (full 2):
 PSYoungGen      total 25088K, used 2592K [0x00000000eab00000, 0x00000000ec800000, 0x0000000100000000)
  eden space 22016K, 0% used [0x00000000eab00000,0x00000000eab00000,0x00000000ec080000)
  from space 3072K, 84% used [0x00000000ec500000,0x00000000ec788010,0x00000000ec800000)
  to   space 3072K, 0% used [0x00000000ec200000,0x00000000ec200000,0x00000000ec500000)
 ParOldGen       total 68608K, used 22565K [0x00000000c0000000, 0x00000000c4300000, 0x00000000eab00000)
  object space 68608K, 32% used [0x00000000c0000000,0x00000000c16096c0,0x00000000c4300000)
 Metaspace       used 40959K, committed 41664K, reserved 1114112K
  class space    used 4237K, committed 4544K, reserved 1048576K
}
Event: 7.313 GC heap before
{Heap before GC invocations=19 (full 2):
 PSYoungGen      total 25088K, used 24608K [0x00000000eab00000, 0x00000000ec800000, 0x0000000100000000)
  eden space 22016K, 100% used [0x00000000eab00000,0x00000000ec080000,0x00000000ec080000)
  from space 3072K, 84% used [0x00000000ec500000,0x00000000ec788010,0x00000000ec800000)
  to   space 3072K, 0% used [0x00000000ec200000,0x00000000ec200000,0x00000000ec500000)
 ParOldGen       total 68608K, used 22565K [0x00000000c0000000, 0x00000000c4300000, 0x00000000eab00000)
  object space 68608K, 32% used [0x00000000c0000000,0x00000000c16096c0,0x00000000c4300000)
 Metaspace       used 41261K, committed 41984K, reserved 1114112K
  class space    used 4257K, committed 4544K, reserved 1048576K
}
Event: 7.320 GC heap after
{Heap after GC invocations=19 (full 2):
 PSYoungGen      total 25088K, used 3062K [0x00000000eab00000, 0x00000000ece80000, 0x0000000100000000)
  eden space 22016K, 0% used [0x00000000eab00000,0x00000000eab00000,0x00000000ec080000)
  from space 3072K, 99% used [0x00000000ec200000,0x00000000ec4fda30,0x00000000ec500000)
  to   space 7168K, 0% used [0x00000000ec780000,0x00000000ec780000,0x00000000ece80000)
 ParOldGen       total 68608K, used 25893K [0x00000000c0000000, 0x00000000c4300000, 0x00000000eab00000)
  object space 68608K, 37% used [0x00000000c0000000,0x00000000c19496d0,0x00000000c4300000)
 Metaspace       used 41261K, committed 41984K, reserved 1114112K
  class space    used 4257K, committed 4544K, reserved 1048576K
}
Event: 7.630 GC heap before
{Heap before GC invocations=20 (full 2):
 PSYoungGen      total 25088K, used 25078K [0x00000000eab00000, 0x00000000ece80000, 0x0000000100000000)
  eden space 22016K, 100% used [0x00000000eab00000,0x00000000ec080000,0x00000000ec080000)
  from space 3072K, 99% used [0x00000000ec200000,0x00000000ec4fda30,0x00000000ec500000)
  to   space 7168K, 0% used [0x00000000ec780000,0x00000000ec780000,0x00000000ece80000)
 ParOldGen       total 68608K, used 25893K [0x00000000c0000000, 0x00000000c4300000, 0x00000000eab00000)
  object space 68608K, 37% used [0x00000000c0000000,0x00000000c19496d0,0x00000000c4300000)
 Metaspace       used 42427K, committed 43200K, reserved 1114112K
  class space    used 4363K, committed 4736K, reserved 1048576K
}
Event: 7.637 GC heap after
{Heap after GC invocations=20 (full 2):
 PSYoungGen      total 24064K, used 1869K [0x00000000eab00000, 0x00000000ec980000, 0x0000000100000000)
  eden space 22016K, 0% used [0x00000000eab00000,0x00000000eab00000,0x00000000ec080000)
  from space 2048K, 91% used [0x00000000ec780000,0x00000000ec953510,0x00000000ec980000)
  to   space 3584K, 0% used [0x00000000ec280000,0x00000000ec280000,0x00000000ec600000)
 ParOldGen       total 68608K, used 28929K [0x00000000c0000000, 0x00000000c4300000, 0x00000000eab00000)
  object space 68608K, 42% used [0x00000000c0000000,0x00000000c1c40468,0x00000000c4300000)
 Metaspace       used 42427K, committed 43200K, reserved 1114112K
  class space    used 4363K, committed 4736K, reserved 1048576K
}
Event: 8.143 GC heap before
{Heap before GC invocations=21 (full 2):
 PSYoungGen      total 24064K, used 23885K [0x00000000eab00000, 0x00000000ec980000, 0x0000000100000000)
  eden space 22016K, 100% used [0x00000000eab00000,0x00000000ec080000,0x00000000ec080000)
  from space 2048K, 91% used [0x00000000ec780000,0x00000000ec953510,0x00000000ec980000)
  to   space 3584K, 0% used [0x00000000ec280000,0x00000000ec280000,0x00000000ec600000)
 ParOldGen       total 68608K, used 28929K [0x00000000c0000000, 0x00000000c4300000, 0x00000000eab00000)
  object space 68608K, 42% used [0x00000000c0000000,0x00000000c1c40468,0x00000000c4300000)
 Metaspace       used 43462K, committed 44288K, reserved 1114112K
  class space    used 4457K, committed 4864K, reserved 1048576K
}
Event: 8.147 GC heap after
{Heap after GC invocations=21 (full 2):
 PSYoungGen      total 25600K, used 1451K [0x00000000eab00000, 0x00000000ec800000, 0x0000000100000000)
  eden space 22016K, 0% used [0x00000000eab00000,0x00000000eab00000,0x00000000ec080000)
  from space 3584K, 40% used [0x00000000ec280000,0x00000000ec3eaf78,0x00000000ec600000)
  to   space 2048K, 0% used [0x00000000ec600000,0x00000000ec600000,0x00000000ec800000)
 ParOldGen       total 68608K, used 30316K [0x00000000c0000000, 0x00000000c4300000, 0x00000000eab00000)
  object space 68608K, 44% used [0x00000000c0000000,0x00000000c1d9b118,0x00000000c4300000)
 Metaspace       used 43462K, committed 44288K, reserved 1114112K
  class space    used 4457K, committed 4864K, reserved 1048576K
}
Event: 8.369 GC heap before
{Heap before GC invocations=22 (full 2):
 PSYoungGen      total 25600K, used 23467K [0x00000000eab00000, 0x00000000ec800000, 0x0000000100000000)
  eden space 22016K, 100% used [0x00000000eab00000,0x00000000ec080000,0x00000000ec080000)
  from space 3584K, 40% used [0x00000000ec280000,0x00000000ec3eaf78,0x00000000ec600000)
  to   space 2048K, 0% used [0x00000000ec600000,0x00000000ec600000,0x00000000ec800000)
 ParOldGen       total 68608K, used 30316K [0x00000000c0000000, 0x00000000c4300000, 0x00000000eab00000)
  object space 68608K, 44% used [0x00000000c0000000,0x00000000c1d9b118,0x00000000c4300000)
 Metaspace       used 43674K, committed 44544K, reserved 1114112K
  class space    used 4468K, committed 4864K, reserved 1048576K
}
Event: 8.371 GC heap after
{Heap after GC invocations=22 (full 2):
 PSYoungGen      total 23040K, used 746K [0x00000000eab00000, 0x00000000ec700000, 0x0000000100000000)
  eden space 22016K, 0% used [0x00000000eab00000,0x00000000eab00000,0x00000000ec080000)
  from space 1024K, 72% used [0x00000000ec600000,0x00000000ec6ba978,0x00000000ec700000)
  to   space 1536K, 0% used [0x00000000ec400000,0x00000000ec400000,0x00000000ec580000)
 ParOldGen       total 68608K, used 31019K [0x00000000c0000000, 0x00000000c4300000, 0x00000000eab00000)
  object space 68608K, 45% used [0x00000000c0000000,0x00000000c1e4afc8,0x00000000c4300000)
 Metaspace       used 43674K, committed 44544K, reserved 1114112K
  class space    used 4468K, committed 4864K, reserved 1048576K
}
Event: 8.739 GC heap before
{Heap before GC invocations=23 (full 2):
 PSYoungGen      total 23040K, used 22762K [0x00000000eab00000, 0x00000000ec700000, 0x0000000100000000)
  eden space 22016K, 100% used [0x00000000eab00000,0x00000000ec080000,0x00000000ec080000)
  from space 1024K, 72% used [0x00000000ec600000,0x00000000ec6ba978,0x00000000ec700000)
  to   space 1536K, 0% used [0x00000000ec400000,0x00000000ec400000,0x00000000ec580000)
 ParOldGen       total 68608K, used 31019K [0x00000000c0000000, 0x00000000c4300000, 0x00000000eab00000)
  object space 68608K, 45% used [0x00000000c0000000,0x00000000c1e4afc8,0x00000000c4300000)
 Metaspace       used 45251K, committed 46080K, reserved 1114112K
  class space    used 4615K, committed 4992K, reserved 1048576K
}
Event: 8.742 GC heap after
{Heap after GC invocations=23 (full 2):
 PSYoungGen      total 23552K, used 761K [0x00000000eab00000, 0x00000000ec680000, 0x0000000100000000)
  eden space 22016K, 0% used [0x00000000eab00000,0x00000000eab00000,0x00000000ec080000)
  from space 1536K, 49% used [0x00000000ec400000,0x00000000ec4be490,0x00000000ec580000)
  to   space 1024K, 0% used [0x00000000ec580000,0x00000000ec580000,0x00000000ec680000)
 ParOldGen       total 68608K, used 31059K [0x00000000c0000000, 0x00000000c4300000, 0x00000000eab00000)
  object space 68608K, 45% used [0x00000000c0000000,0x00000000c1e54fc8,0x00000000c4300000)
 Metaspace       used 45251K, committed 46080K, reserved 1114112K
  class space    used 4615K, committed 4992K, reserved 1048576K
}
Event: 8.948 GC heap before
{Heap before GC invocations=24 (full 2):
 PSYoungGen      total 23552K, used 22777K [0x00000000eab00000, 0x00000000ec680000, 0x0000000100000000)
  eden space 22016K, 100% used [0x00000000eab00000,0x00000000ec080000,0x00000000ec080000)
  from space 1536K, 49% used [0x00000000ec400000,0x00000000ec4be490,0x00000000ec580000)
  to   space 1024K, 0% used [0x00000000ec580000,0x00000000ec580000,0x00000000ec680000)
 ParOldGen       total 68608K, used 31059K [0x00000000c0000000, 0x00000000c4300000, 0x00000000eab00000)
  object space 68608K, 45% used [0x00000000c0000000,0x00000000c1e54fc8,0x00000000c4300000)
 Metaspace       used 46378K, committed 47232K, reserved 1114112K
  class space    used 4690K, committed 5056K, reserved 1048576K
}
Event: 8.951 GC heap after
{Heap after GC invocations=24 (full 2):
 PSYoungGen      total 23040K, used 992K [0x00000000eab00000, 0x00000000ec680000, 0x0000000100000000)
  eden space 22016K, 0% used [0x00000000eab00000,0x00000000eab00000,0x00000000ec080000)
  from space 1024K, 96% used [0x00000000ec580000,0x00000000ec678060,0x00000000ec680000)
  to   space 1536K, 0% used [0x00000000ec380000,0x00000000ec380000,0x00000000ec500000)
 ParOldGen       total 68608K, used 31641K [0x00000000c0000000, 0x00000000c4300000, 0x00000000eab00000)
  object space 68608K, 46% used [0x00000000c0000000,0x00000000c1ee66d0,0x00000000c4300000)
 Metaspace       used 46378K, committed 47232K, reserved 1114112K
  class space    used 4690K, committed 5056K, reserved 1048576K
}
Event: 9.082 GC heap before
{Heap before GC invocations=25 (full 2):
 PSYoungGen      total 23040K, used 23008K [0x00000000eab00000, 0x00000000ec680000, 0x0000000100000000)
  eden space 22016K, 100% used [0x00000000eab00000,0x00000000ec080000,0x00000000ec080000)
  from space 1024K, 96% used [0x00000000ec580000,0x00000000ec678060,0x00000000ec680000)
  to   space 1536K, 0% used [0x00000000ec380000,0x00000000ec380000,0x00000000ec500000)
 ParOldGen       total 68608K, used 31641K [0x00000000c0000000, 0x00000000c4300000, 0x00000000eab00000)
  object space 68608K, 46% used [0x00000000c0000000,0x00000000c1ee66d0,0x00000000c4300000)
 Metaspace       used 46647K, committed 47488K, reserved 1114112K
  class space    used 4721K, committed 5056K, reserved 1048576K
}
Event: 9.085 GC heap after
{Heap after GC invocations=25 (full 2):
 PSYoungGen      total 23552K, used 1376K [0x00000000eab00000, 0x00000000ec600000, 0x0000000100000000)
  eden space 22016K, 0% used [0x00000000eab00000,0x00000000eab00000,0x00000000ec080000)
  from space 1536K, 89% used [0x00000000ec380000,0x00000000ec4d8000,0x00000000ec500000)
  to   space 1024K, 0% used [0x00000000ec500000,0x00000000ec500000,0x00000000ec600000)
 ParOldGen       total 68608K, used 32200K [0x00000000c0000000, 0x00000000c4300000, 0x00000000eab00000)
  object space 68608K, 46% used [0x00000000c0000000,0x00000000c1f723c0,0x00000000c4300000)
 Metaspace       used 46647K, committed 47488K, reserved 1114112K
  class space    used 4721K, committed 5056K, reserved 1048576K
}
Event: 9.415 GC heap before
{Heap before GC invocations=26 (full 2):
 PSYoungGen      total 23552K, used 23392K [0x00000000eab00000, 0x00000000ec600000, 0x0000000100000000)
  eden space 22016K, 100% used [0x00000000eab00000,0x00000000ec080000,0x00000000ec080000)
  from space 1536K, 89% used [0x00000000ec380000,0x00000000ec4d8000,0x00000000ec500000)
  to   space 1024K, 0% used [0x00000000ec500000,0x00000000ec500000,0x00000000ec600000)
 ParOldGen       total 68608K, used 32200K [0x00000000c0000000, 0x00000000c4300000, 0x00000000eab00000)
  object space 68608K, 46% used [0x00000000c0000000,0x00000000c1f723c0,0x00000000c4300000)
 Metaspace       used 47866K, committed 48704K, reserved 1114112K
  class space    used 4854K, committed 5248K, reserved 1048576K
}
Event: 9.419 GC heap after
{Heap after GC invocations=26 (full 2):
 PSYoungGen      total 23040K, used 1024K [0x00000000eab00000, 0x00000000ec680000, 0x0000000100000000)
  eden space 22016K, 0% used [0x00000000eab00000,0x00000000eab00000,0x00000000ec080000)
  from space 1024K, 100% used [0x00000000ec500000,0x00000000ec600000,0x00000000ec600000)
  to   space 3072K, 0% used [0x00000000ec080000,0x00000000ec080000,0x00000000ec380000)
 ParOldGen       total 68608K, used 33811K [0x00000000c0000000, 0x00000000c4300000, 0x00000000eab00000)
  object space 68608K, 49% used [0x00000000c0000000,0x00000000c2104ce0,0x00000000c4300000)
 Metaspace       used 47866K, committed 48704K, reserved 1114112K
  class space    used 4854K, committed 5248K, reserved 1048576K
}
Event: 9.813 GC heap before
{Heap before GC invocations=27 (full 2):
 PSYoungGen      total 23040K, used 23026K [0x00000000eab00000, 0x00000000ec680000, 0x0000000100000000)
  eden space 22016K, 99% used [0x00000000eab00000,0x00000000ec07c8f0,0x00000000ec080000)
  from space 1024K, 100% used [0x00000000ec500000,0x00000000ec600000,0x00000000ec600000)
  to   space 3072K, 0% used [0x00000000ec080000,0x00000000ec080000,0x00000000ec380000)
 ParOldGen       total 68608K, used 33811K [0x00000000c0000000, 0x00000000c4300000, 0x00000000eab00000)
  object space 68608K, 49% used [0x00000000c0000000,0x00000000c2104ce0,0x00000000c4300000)
 Metaspace       used 49228K, committed 50112K, reserved 1114112K
  class space    used 4969K, committed 5376K, reserved 1048576K
}
Event: 9.817 GC heap after
{Heap after GC invocations=27 (full 2):
 PSYoungGen      total 25088K, used 1699K [0x00000000eab00000, 0x00000000ec580000, 0x0000000100000000)
  eden space 22016K, 0% used [0x00000000eab00000,0x00000000eab00000,0x00000000ec080000)
  from space 3072K, 55% used [0x00000000ec080000,0x00000000ec228e98,0x00000000ec380000)
  to   space 2048K, 0% used [0x00000000ec380000,0x00000000ec380000,0x00000000ec580000)
 ParOldGen       total 68608K, used 34860K [0x00000000c0000000, 0x00000000c4300000, 0x00000000eab00000)
  object space 68608K, 50% used [0x00000000c0000000,0x00000000c220b3d0,0x00000000c4300000)
 Metaspace       used 49228K, committed 50112K, reserved 1114112K
  class space    used 4969K, committed 5376K, reserved 1048576K
}

